Start testing: Aug 03 11:12 CEST
----------------------------------------------------------
1/1 Testing: tick_order_tests
1/1 Test: tick_order_tests
Command: "/home/asher/HFT-Onramp/Tick-Order-Structs/build/tick_order_test"
Directory: /home/asher/HFT-Onramp/Tick-Order-Structs/build
"tick_order_tests" start time: Aug 03 11:12 CEST
Output:
----------------------------------------------------------
Running main() from /home/asher/HFT-Onramp/Tick-Order-Structs/build/_deps/googletest-src/googletest/src/gtest_main.cc
[==========] Running 2 tests from 2 test suites.
[----------] Global test environment set-up.
[----------] 1 test from SizeChecks
[ RUN      ] SizeChecks.StructByteSizes
[       OK ] SizeChecks.StructByteSizes (0 ms)
[----------] 1 test from SizeChecks (0 ms total)

[----------] 1 test from StrongTypes
[ RUN      ] StrongTypes.Addition
[       OK ] StrongTypes.Addition (0 ms)
[----------] 1 test from StrongTypes (0 ms total)

[----------] Global test environment tear-down
[==========] 2 tests from 2 test suites ran. (0 ms total)
[  PASSED  ] 2 tests.
<end of output>
Test time =   0.00 sec
----------------------------------------------------------
Test Passed.
"tick_order_tests" end time: Aug 03 11:12 CEST
"tick_order_tests" time elapsed: 00:00:00
----------------------------------------------------------

End testing: Aug 03 11:12 CEST
